c:\users\c4po\documents\visual studio 2013\projects\flightsim\debug\flightsim.bsc
c:\users\c4po\documents\visual studio 2013\projects\flightsim\flightsim\debug\vc120.pdb
c:\users\c4po\documents\visual studio 2013\projects\flightsim\flightsim\debug\vc120.idb
c:\users\c4po\documents\visual studio 2013\projects\flightsim\flightsim\debug\viewport.sbr
c:\users\c4po\documents\visual studio 2013\projects\flightsim\flightsim\debug\transform.sbr
c:\users\c4po\documents\visual studio 2013\projects\flightsim\flightsim\debug\shaderprogram.sbr
c:\users\c4po\documents\visual studio 2013\projects\flightsim\flightsim\debug\shader.sbr
c:\users\c4po\documents\visual studio 2013\projects\flightsim\flightsim\debug\scenemanager.sbr
c:\users\c4po\documents\visual studio 2013\projects\flightsim\flightsim\debug\scene.sbr
c:\users\c4po\documents\visual studio 2013\projects\flightsim\flightsim\debug\resourcefactory.sbr
c:\users\c4po\documents\visual studio 2013\projects\flightsim\flightsim\debug\resource.sbr
c:\users\c4po\documents\visual studio 2013\projects\flightsim\flightsim\debug\main.sbr
c:\users\c4po\documents\visual studio 2013\projects\flightsim\flightsim\debug\entity.sbr
c:\users\c4po\documents\visual studio 2013\projects\flightsim\flightsim\debug\component.sbr
c:\users\c4po\documents\visual studio 2013\projects\flightsim\flightsim\debug\canvas.sbr
c:\users\c4po\documents\visual studio 2013\projects\flightsim\flightsim\debug\camera.sbr
c:\users\c4po\documents\visual studio 2013\projects\flightsim\flightsim\debug\application.sbr
c:\users\c4po\documents\visual studio 2013\projects\flightsim\flightsim\debug\application.obj
c:\users\c4po\documents\visual studio 2013\projects\flightsim\flightsim\debug\camera.obj
c:\users\c4po\documents\visual studio 2013\projects\flightsim\flightsim\debug\canvas.obj
c:\users\c4po\documents\visual studio 2013\projects\flightsim\flightsim\debug\component.obj
c:\users\c4po\documents\visual studio 2013\projects\flightsim\flightsim\debug\entity.obj
c:\users\c4po\documents\visual studio 2013\projects\flightsim\flightsim\debug\main.obj
c:\users\c4po\documents\visual studio 2013\projects\flightsim\flightsim\debug\resource.obj
c:\users\c4po\documents\visual studio 2013\projects\flightsim\flightsim\debug\resourcefactory.obj
c:\users\c4po\documents\visual studio 2013\projects\flightsim\flightsim\debug\scene.obj
c:\users\c4po\documents\visual studio 2013\projects\flightsim\flightsim\debug\scenemanager.obj
c:\users\c4po\documents\visual studio 2013\projects\flightsim\flightsim\debug\shader.obj
c:\users\c4po\documents\visual studio 2013\projects\flightsim\flightsim\debug\shaderprogram.obj
c:\users\c4po\documents\visual studio 2013\projects\flightsim\flightsim\debug\transform.obj
c:\users\c4po\documents\visual studio 2013\projects\flightsim\flightsim\debug\viewport.obj
c:\users\c4po\documents\visual studio 2013\projects\flightsim\debug\flightsim.ilk
c:\users\c4po\documents\visual studio 2013\projects\flightsim\debug\flightsim.exe
c:\users\c4po\documents\visual studio 2013\projects\flightsim\debug\flightsim.pdb
c:\users\c4po\documents\visual studio 2013\projects\flightsim\flightsim\debug\flightsim.tlog\bscmake.command.1.tlog
c:\users\c4po\documents\visual studio 2013\projects\flightsim\flightsim\debug\flightsim.tlog\bscmake.read.1.tlog
c:\users\c4po\documents\visual studio 2013\projects\flightsim\flightsim\debug\flightsim.tlog\bscmake.write.1.tlog
c:\users\c4po\documents\visual studio 2013\projects\flightsim\flightsim\debug\flightsim.tlog\cl.command.1.tlog
c:\users\c4po\documents\visual studio 2013\projects\flightsim\flightsim\debug\flightsim.tlog\cl.read.1.tlog
c:\users\c4po\documents\visual studio 2013\projects\flightsim\flightsim\debug\flightsim.tlog\cl.write.1.tlog
c:\users\c4po\documents\visual studio 2013\projects\flightsim\flightsim\debug\flightsim.tlog\link.command.1.tlog
c:\users\c4po\documents\visual studio 2013\projects\flightsim\flightsim\debug\flightsim.tlog\link.read.1.tlog
c:\users\c4po\documents\visual studio 2013\projects\flightsim\flightsim\debug\flightsim.tlog\link.write.1.tlog
